|2025-01-08 11:02:32,891|INFO|marketDataEngine.__init__|Market Data Engine Object initialized.|
|2025-01-08 11:02:32,891|INFO|interactiveEngine.__init__|Interactive Engine Object initialized.|
|2025-01-08 11:02:33,095|INFO|marketDataEngine.login|Login successful.|
|2025-01-08 11:02:33,322|INFO|marketDataEngine.login|Exchange to exchange segments mapping completed.|
|2025-01-08 11:02:36,796|INFO|marketDataEngine.login|Index to exchange instrument id mapping completed.|
|2025-01-08 11:02:38,130|INFO|marketDataEngine.on_connect|Market Data Socket connected successfully!|
|2025-01-08 11:02:40,072|INFO|marketDataEngine.loadMaster|Options Contract Fetched: Sample -   ExchangeSegment  ExchangeInstrumentID  InstrumentType Name     Description  Series  ... StrikePrice  OptionType            DisplayName PriceNumerator  PriceDenominator DetailedDescription
0           NSEFO                130764               2  MCX  MCX25MAR4800CE  OPTSTK  ...        4800           3  MCX 27MAR2025 CE 4800              1                 1      MCX25MAR4800CE

[1 rows x 23 columns]|
|2025-01-08 11:02:40,082|INFO|marketDataEngine.loadMaster|Futures Contract Fetched: Sample -   ExchangeSegment  ExchangeInstrumentID  InstrumentType        Name         Description  ...   ContractExpiration           DisplayName  PriceNumerator PriceDenominator DetailedDescription
0           NSEFO                 36700               1  061NSETEST  061NSETEST36DECFUT  ...  2036-11-27T14:30:00  061NSETEST 27NOV2036               1                1  061NSETEST36DECFUT

[1 rows x 21 columns]|
|2025-01-08 11:02:40,667|INFO|marketDataEngine.loadMaster|Cash Market Contract Fetched: Sample -   ExchangeSegment  ExchangeInstrumentID  InstrumentType    Name Description  ... PriceDenominator       DetailedDescription  ExtendedSurvlndicator Cautionlndicator GSMIndicator
0           NSECM                 12018               8  SUZLON   SUZLON-EQ  ...                1  SUZLON ENERGY LIMITED-EQ                      0               -1           -1

[1 rows x 22 columns]|
|2025-01-08 11:02:40,668|INFO|test.__init__|Algorithm initialized with ID: ygtw|
|2025-01-08 11:02:41,081|INFO|marketDataEngine.subscribe|Subscribed Quantities: [{'exchangeSegment': 1, 'exchangeInstrumentID': 26000}] on request from ygtw|
|2025-01-08 11:03:31,268|INFO|marketDataEngine.on_event_candle_data_full|1505:Candle Data full;{
    "BarTime": "2025-01-08 11:02:59+00:00",
    "High": "23588.3",
    "Low": "23577.4",
    "Open": "23587.45",
    "Close": "23579.3",
    "ExchangeInstrumentID": 26000,
    "BarVolume": "0"
}|
|2025-01-08 11:03:31,269|INFO|example1.on_data|Received the bar: {
    "BarTime": "2025-01-08 11:02:59+00:00",
    "High": "23588.3",
    "Low": "23577.4",
    "Open": "23587.45",
    "Close": "23579.3",
    "ExchangeInstrumentID": 26000,
    "BarVolume": "0"
}|
|2025-01-08 11:04:31,306|INFO|marketDataEngine.on_event_candle_data_full|1505:Candle Data full;{
    "BarTime": "2025-01-08 11:03:59+00:00",
    "High": "23580.5",
    "Low": "23570.65",
    "Open": "23579.75",
    "Close": "23573.2",
    "ExchangeInstrumentID": 26000,
    "BarVolume": "0"
}|
|2025-01-08 11:04:31,307|INFO|example1.on_data|Received the bar: {
    "BarTime": "2025-01-08 11:03:59+00:00",
    "High": "23580.5",
    "Low": "23570.65",
    "Open": "23579.75",
    "Close": "23573.2",
    "ExchangeInstrumentID": 26000,
    "BarVolume": "0"
}|
|2025-01-08 11:04:35,435|INFO|marketDataEngine.shutdown|Entering shut down mode.|
|2025-01-08 11:04:35,620|INFO|marketDataEngine.unsubscribe|Unsubscribed Quantities: [{'exchangeSegment': 1, 'exchangeInstrumentID': 26000}] on request from ygtw|
|2025-01-08 11:04:35,705|INFO|marketDataEngine.shutdown|Logged Out.|
|2025-01-08 11:04:35,705|INFO|marketDataEngine.shutdown|Trading Ended.|
